<?xml version="1.0" encoding="UTF-8"?>
<!-- Generated by org.testng.reporters.JUnitReportReporter -->
<testsuite skipped="1" hostname="saikiran-HP" name="com.orangehrm.testCases.TC_003_PimTest" tests="1" failures="0" timestamp="30 Jan 2021 06:04:14 GMT" time="0.000" errors="0">
  <testcase name="pimTest" time="0.000" classname="com.orangehrm.testCases.TC_003_PimTest">
    <skipped/>
  </testcase> <!-- pimTest -->
</testsuite> <!-- com.orangehrm.testCases.TC_003_PimTest -->
