<?xml version="1.0" encoding="UTF-8"?>
<!-- Generated by org.testng.reporters.JUnitReportReporter -->
<testsuite hostname="DESKTOP-L1C5EG3" failures="0" tests="1" name="com.orangehrm.testCases.TC_LoginTest_001" time="9.641" errors="0" timestamp="2021-01-19T11:02:39 IST" skipped="0">
  <testcase classname="com.orangehrm.testCases.TC_LoginTest_001" name="loginTest" time="9.641"/>
  <system-out/>
</testsuite> <!-- com.orangehrm.testCases.TC_LoginTest_001 -->
