<?xml version="1.0" encoding="UTF-8"?>
<!-- Generated by org.testng.reporters.JUnitReportReporter -->
<testsuite hostname="DESKTOP-L1C5EG3" failures="0" tests="1" name="com.orangehrm.testCases.TC_002_AdminPage" time="10.399" errors="0" timestamp="2021-01-25T15:15:11 IST" skipped="0">
  <testcase classname="com.orangehrm.testCases.TC_002_AdminPage" name="adminTest" time="10.399"/>
  <system-out/>
</testsuite> <!-- com.orangehrm.testCases.TC_002_AdminPage -->
